<?xml version="1.0" encoding="UTF-8"?>
<!-- Generated by org.testng.reporters.JUnitXMLReporter -->
<testsuite ignored="3" hostname="del1-lhp-n70078" failures="0" tests="8" name="Car Loan" time="0.062" errors="0" timestamp="2023-02-21T00:19:11 IST">
  <testcase classname="test.day3" name="MobileguestlogincarLoan" time="0.003"/>
  <testcase classname="test.day3" name="MobilesigninlogincarLoan" time="0.002"/>
  <testcase classname="test.day3" name="MobilesignoutlogincarLoan" time="0.002"/>
  <testcase classname="test.day3" name="MobilesignoutlogincarLoan" time="0.012"/>
  <testcase classname="test.day3" name="MobilesignoutlogincarLoan" time="0.002"/>
  <testcase classname="test.day3" name="MobilelogincarLoan" time="0.002"/>
  <testcase classname="test.day4" name="MobileloginHomeLoan" time="0.002"/>
  <testcase classname="test.day4" name="WebloginHomeLoan" time="0.002"/>
  <testcase classname="test.day3" name="WebloginCarLoan" time="0.0">
    <ignored/>
  </testcase> <!-- WebloginCarLoan -->
  <testcase classname="test.day4" name="LoginAPIHomeLoan" time="0.0">
    <ignored/>
  </testcase> <!-- LoginAPIHomeLoan -->
  <testcase classname="test.day3" name="LoginAPIcarLoan" time="0.0">
    <ignored/>
  </testcase> <!-- LoginAPIcarLoan -->
</testsuite> <!-- Car Loan -->
