<?xml version="1.0" encoding="UTF-8"?>
<!-- Generated by org.testng.reporters.JUnitXMLReporter -->
<testsuite ignored="1" hostname="del1-lhp-n70078" failures="1" tests="5" name="Personal Loan" time="0.082" errors="0" timestamp="2023-02-21T00:19:11 IST">
  <testcase classname="test.day1" name="LoginPage" time="0.008"/>
  <testcase classname="test.day1" name="Demo" time="0.006">
    <failure type="java.lang.AssertionError" message="expected [true] but found [false]">
      <![CDATA[java.lang.AssertionError: expected [true] but found [false]
at test.day1.Demo(day1.java:14)
at java.base/java.util.ArrayList.forEach(ArrayList.java:1511)
... Removed 31 stack frames]]>
    </failure>
  </testcase> <!-- Demo -->
  <testcase classname="test.day1" name="Demo4" time="0.002"/>
  <testcase classname="test.day1" name="Demo3" time="0.001"/>
  <testcase classname="test.day2" name="ploan" time="0.001"/>
  <testcase classname="test.day1" name="Demo2" time="0.0">
    <ignored/>
  </testcase> <!-- Demo2 -->
</testsuite> <!-- Personal Loan -->
