<?xml version="1.0" encoding="UTF-8"?>
<!-- Generated by org.testng.reporters.JUnitXMLReporter -->
<testsuite ignored="11" hostname="del1-lhp-n70078" failures="0" tests="4" name="Regression" time="0.071" errors="0" timestamp="2023-02-20T00:35:20 IST">
  <testcase classname="test.day1" name="Demo" time="0.01"/>
  <testcase classname="test.day2" name="ploan" time="0.001"/>
  <testcase classname="test.day3" name="WebloginCarLoan" time="0.002"/>
  <testcase classname="test.day4" name="WebloginHomeLoan" time="0.002"/>
  <testcase classname="test.day1" name="LoginPage" time="0.0">
    <ignored/>
  </testcase> <!-- LoginPage -->
  <testcase classname="test.day3" name="MobileguestlogincarLoan" time="0.0">
    <ignored/>
  </testcase> <!-- MobileguestlogincarLoan -->
  <testcase classname="test.day3" name="MobilesignoutlogincarLoan" time="0.0">
    <ignored/>
  </testcase> <!-- MobilesignoutlogincarLoan -->
  <testcase classname="test.day1" name="Demo3" time="0.0">
    <ignored/>
  </testcase> <!-- Demo3 -->
  <testcase classname="test.day3" name="MobilelogincarLoan" time="0.0">
    <ignored/>
  </testcase> <!-- MobilelogincarLoan -->
  <testcase classname="test.day4" name="LoginAPIHomeLoan" time="0.0">
    <ignored/>
  </testcase> <!-- LoginAPIHomeLoan -->
  <testcase classname="test.day1" name="Demo4" time="0.0">
    <ignored/>
  </testcase> <!-- Demo4 -->
  <testcase classname="test.day1" name="Demo2" time="0.0">
    <ignored/>
  </testcase> <!-- Demo2 -->
  <testcase classname="test.day3" name="MobilesigninlogincarLoan" time="0.0">
    <ignored/>
  </testcase> <!-- MobilesigninlogincarLoan -->
  <testcase classname="test.day3" name="LoginAPIcarLoan" time="0.0">
    <ignored/>
  </testcase> <!-- LoginAPIcarLoan -->
  <testcase classname="test.day4" name="MobileloginHomeLoan" time="0.0">
    <ignored/>
  </testcase> <!-- MobileloginHomeLoan -->
</testsuite> <!-- Regression -->
